d:\docs\githubrepo\mtk_api\mtk_api\debug\vc142.pdb
d:\docs\githubrepo\mtk_api\mtk_api\debug\vc142.idb
d:\docs\githubrepo\mtk_api\mtk_api\debug\textures.obj
d:\docs\githubrepo\mtk_api\mtk_api\debug\mtk_api.obj
d:\docs\githubrepo\mtk_api\mtk_api\debug\renderandevents.obj
d:\docs\githubrepo\mtk_api\mtk_api\debug\main.obj
d:\docs\githubrepo\mtk_api\debug\mtk_api.pdb
d:\docs\githubrepo\mtk_api\mtk_api\debug\mtk_api.tlog\cl.command.1.tlog
d:\docs\githubrepo\mtk_api\mtk_api\debug\mtk_api.tlog\cl.read.1.tlog
d:\docs\githubrepo\mtk_api\mtk_api\debug\mtk_api.tlog\cl.write.1.tlog
d:\docs\githubrepo\mtk_api\mtk_api\debug\mtk_api.tlog\link-cvtres.read.1.tlog
d:\docs\githubrepo\mtk_api\mtk_api\debug\mtk_api.tlog\link-cvtres.write.1.tlog
d:\docs\githubrepo\mtk_api\mtk_api\debug\mtk_api.tlog\link-rc.read.1.tlog
d:\docs\githubrepo\mtk_api\mtk_api\debug\mtk_api.tlog\link-rc.write.1.tlog
d:\docs\githubrepo\mtk_api\mtk_api\debug\mtk_api.tlog\link.12464-cvtres.read.1.tlog
d:\docs\githubrepo\mtk_api\mtk_api\debug\mtk_api.tlog\link.12464-cvtres.write.1.tlog
d:\docs\githubrepo\mtk_api\mtk_api\debug\mtk_api.tlog\link.12464-rc.read.1.tlog
d:\docs\githubrepo\mtk_api\mtk_api\debug\mtk_api.tlog\link.12464-rc.write.1.tlog
d:\docs\githubrepo\mtk_api\mtk_api\debug\mtk_api.tlog\link.12464.read.1.tlog
d:\docs\githubrepo\mtk_api\mtk_api\debug\mtk_api.tlog\link.12464.write.1.tlog
d:\docs\githubrepo\mtk_api\mtk_api\debug\mtk_api.tlog\link.command.1.tlog
d:\docs\githubrepo\mtk_api\mtk_api\debug\mtk_api.tlog\link.read.1.tlog
d:\docs\githubrepo\mtk_api\mtk_api\debug\mtk_api.tlog\link.write.1.tlog
